#-----------------------------------------------------------
# Vivado v2024.2 (64-bit)
# SW Build 5239630 on Fri Nov 08 22:35:27 MST 2024
# IP Build 5239520 on Sun Nov 10 16:12:51 MST 2024
# SharedData Build 5239561 on Fri Nov 08 14:39:27 MST 2024
# Start of session at: Sun May 18 12:35:33 2025
# Process ID         : 31996
# Current directory  : D:/Study/Codes_Me/Projects_HDL/ALU
# Command line       : vivado.exe -gui_launcher_event rodinguilauncherevent30944 D:\Study\Codes_Me\Projects_HDL\ALU\ALU.xpr
# Log file           : D:/Study/Codes_Me/Projects_HDL/ALU/vivado.log
# Journal file       : D:/Study/Codes_Me/Projects_HDL/ALU\vivado.jou
# Running On         : LAPTOP-RLOD9RND
# Platform           : Windows Server 2016 or Windows 10
# Operating System   : 26100
# Processor Detail   : 11th Gen Intel(R) Core(TM) i5-11400H @ 2.70GHz
# CPU Frequency      : 2688 MHz
# CPU Physical cores : 6
# CPU Logical cores  : 12
# Host memory        : 16889 MB
# Swap memory        : 3355 MB
# Total Virtual      : 20244 MB
# Available Virtual  : 2225 MB
#-----------------------------------------------------------
start_gui
open_project D:/Study/Codes_Me/Projects_HDL/ALU/ALU.xpr
INFO: [Project 1-313] Project file moved from 'D:/Study/Codes_Me/Verilog/ALU' since last save.
INFO: [filemgmt 56-3] Default IP Output Path : Could not find the directory 'D:/Study/Codes_Me/Projects_HDL/ALU/ALU.gen/sources_1'.
Scanning sources...
Finished scanning sources
INFO: [IP_Flow 19-234] Refreshing IP repositories
INFO: [IP_Flow 19-1704] No user IP repositories specified
INFO: [IP_Flow 19-2313] Loaded Vivado IP repository 'C:/Xilinx/Vivado/2024.2/data/ip'.
update_compile_order -fileset sources_1
create_bd_design "design_1"
Wrote  : <D:\Study\Codes_Me\Projects_HDL\ALU\ALU.srcs\sources_1\bd\design_1\design_1.bd> 
update_compile_order -fileset sources_1
export_ip_user_files -of_objects  [get_files D:/Study/Codes_Me/Projects_HDL/ALU/ALU.srcs/sources_1/bd/design_1/design_1.bd] -no_script -reset -force -quiet
remove_files  D:/Study/Codes_Me/Projects_HDL/ALU/ALU.srcs/sources_1/bd/design_1/design_1.bd
Wrote  : <D:/Study/Codes_Me/Projects_HDL/ALU/ALU.srcs/sources_1/bd/design_1/ui/bd_1f5defd0.ui> 
file delete -force D:/Study/Codes_Me/Projects_HDL/ALU/ALU.srcs/sources_1/bd/design_1
file delete -force d:/Study/Codes_Me/Projects_HDL/ALU/ALU.gen/sources_1/bd/design_1
exit
INFO: [Common 17-206] Exiting Vivado at Sun May 18 12:36:27 2025...
